<?xml version="1.0" encoding="UTF-8"?>
<testng-results ignored="0" total="6" passed="5" failed="1" skipped="0">
  <reporter-output>
  </reporter-output>
  <suite started-at="2023-07-08T09:00:37 EDT" name="Default suite" finished-at="2023-07-08T09:00:43 EDT" duration-ms="6085">
    <groups>
    </groups>
    <test started-at="2023-07-08T09:00:37 EDT" name="Default test" finished-at="2023-07-08T09:00:43 EDT" duration-ms="6085">
      <class name="Chapters.Chapter01.FirstChapterTests">
        <test-method signature="inspectAllNodesInResponse()[pri:0, instance:Chapters.Chapter01.FirstChapterTests@4212a0c8]" started-at="2023-07-08T09:00:37 EDT" name="inspectAllNodesInResponse" finished-at="2023-07-08T09:00:38 EDT" duration-ms="1457" status="PASS">
          <reporter-output>
          </reporter-output>
        </test-method> <!-- inspectAllNodesInResponse -->
        <test-method signature="sendAGETRequestAndRetrieveValueFromBody()[pri:0, instance:Chapters.Chapter01.FirstChapterTests@4212a0c8]" started-at="2023-07-08T09:00:38 EDT" name="sendAGETRequestAndRetrieveValueFromBody" finished-at="2023-07-08T09:00:38 EDT" duration-ms="258" status="PASS">
          <reporter-output>
          </reporter-output>
        </test-method> <!-- sendAGETRequestAndRetrieveValueFromBody -->
        <test-method signature="sendAGETRequestAndStoreTheResponse()[pri:0, instance:Chapters.Chapter01.FirstChapterTests@4212a0c8]" started-at="2023-07-08T09:00:38 EDT" name="sendAGETRequestAndStoreTheResponse" finished-at="2023-07-08T09:00:39 EDT" duration-ms="249" status="PASS">
          <reporter-output>
          </reporter-output>
        </test-method> <!-- sendAGETRequestAndStoreTheResponse -->
        <test-method signature="sendAGETRequestAndValidateResponse()[pri:0, instance:Chapters.Chapter01.FirstChapterTests@4212a0c8]" started-at="2023-07-08T09:00:39 EDT" name="sendAGETRequestAndValidateResponse" finished-at="2023-07-08T09:00:39 EDT" duration-ms="299" status="PASS">
          <reporter-output>
          </reporter-output>
        </test-method> <!-- sendAGETRequestAndValidateResponse -->
        <test-method signature="sendAGETRequestByPassingQueryParameterInURL()[pri:0, instance:Chapters.Chapter01.FirstChapterTests@4212a0c8]" started-at="2023-07-08T09:00:39 EDT" name="sendAGETRequestByPassingQueryParameterInURL" finished-at="2023-07-08T09:00:39 EDT" duration-ms="283" status="PASS">
          <reporter-output>
          </reporter-output>
        </test-method> <!-- sendAGETRequestByPassingQueryParameterInURL -->
        <test-method signature="testPetstoreAPI()[pri:0, instance:Chapters.Chapter01.FirstChapterTests@4212a0c8]" started-at="2023-07-08T09:00:39 EDT" name="testPetstoreAPI" finished-at="2023-07-08T09:00:43 EDT" duration-ms="3429" status="FAIL">
          <exception class="java.lang.IllegalArgumentException">
            <message>
              <![CDATA[Invalid JSON expression:
Script1.groovy: 1: unexpected token: *. @ line 1, column 27.
                            *.name
                             ^

1 error
]]>
            </message>
            <full-stacktrace>
              <![CDATA[java.lang.IllegalArgumentException: Invalid JSON expression:
Script1.groovy: 1: unexpected token: *. @ line 1, column 27.
                            *.name
                             ^

1 error

at java.base/jdk.internal.reflect.NativeConstructorAccessorImpl.newInstance0(Native Method)
at java.base/jdk.internal.reflect.NativeConstructorAccessorImpl.newInstance(NativeConstructorAccessorImpl.java:77)
at java.base/jdk.internal.reflect.DelegatingConstructorAccessorImpl.newInstance(DelegatingConstructorAccessorImpl.java:45)
at java.base/java.lang.reflect.Constructor.newInstanceWithCaller(Constructor.java:499)
at java.base/java.lang.reflect.Constructor.newInstance(Constructor.java:480)
at org.codehaus.groovy.reflection.CachedConstructor.invoke(CachedConstructor.java:83)
at org.codehaus.groovy.runtime.callsite.ConstructorSite$ConstructorSiteNoUnwrapNoCoerce.callConstructor(ConstructorSite.java:105)
at org.codehaus.groovy.runtime.callsite.CallSiteArray.defaultCallConstructor(CallSiteArray.java:59)
at org.codehaus.groovy.runtime.callsite.AbstractCallSite.callConstructor(AbstractCallSite.java:238)
at org.codehaus.groovy.runtime.callsite.AbstractCallSite.callConstructor(AbstractCallSite.java:258)
at io.restassured.internal.path.json.JSONAssertion.getAsJsonObject(JSONAssertion.groovy:57)
at io.restassured.internal.path.json.JSONAssertion$getAsJsonObject.callCurrent(Unknown Source)
at io.restassured.internal.path.json.JSONAssertion.getResult(JSONAssertion.groovy:28)
at io.restassured.path.json.JsonPath.get(JsonPath.java:203)
at Chapters.Chapter01.FirstChapterTests.testPetstoreAPI(FirstChapterTests.java:136)
at java.base/jdk.internal.reflect.NativeMethodAccessorImpl.invoke0(Native Method)
at java.base/jdk.internal.reflect.NativeMethodAccessorImpl.invoke(NativeMethodAccessorImpl.java:77)
at java.base/jdk.internal.reflect.DelegatingMethodAccessorImpl.invoke(DelegatingMethodAccessorImpl.java:43)
at java.base/java.lang.reflect.Method.invoke(Method.java:568)
at org.testng.internal.MethodInvocationHelper.invokeMethod(MethodInvocationHelper.java:131)
at org.testng.internal.TestInvoker.invokeMethod(TestInvoker.java:570)
at org.testng.internal.TestInvoker.invokeTestMethod(TestInvoker.java:170)
at org.testng.internal.MethodRunner.runInSequence(MethodRunner.java:46)
at org.testng.internal.TestInvoker$MethodInvocationAgent.invoke(TestInvoker.java:790)
at org.testng.internal.TestInvoker.invokeTestMethods(TestInvoker.java:143)
at org.testng.internal.TestMethodWorker.invokeTestMethods(TestMethodWorker.java:146)
at org.testng.internal.TestMethodWorker.run(TestMethodWorker.java:128)
at org.testng.TestRunner.privateRun(TestRunner.java:763)
at org.testng.TestRunner.run(TestRunner.java:594)
at org.testng.SuiteRunner.runTest(SuiteRunner.java:398)
at org.testng.SuiteRunner.runSequentially(SuiteRunner.java:392)
at org.testng.SuiteRunner.privateRun(SuiteRunner.java:355)
at org.testng.SuiteRunner.run(SuiteRunner.java:304)
at org.testng.SuiteRunnerWorker.runSuite(SuiteRunnerWorker.java:53)
at org.testng.SuiteRunnerWorker.run(SuiteRunnerWorker.java:96)
at org.testng.TestNG.runSuitesSequentially(TestNG.java:1146)
at org.testng.TestNG.runSuitesLocally(TestNG.java:1067)
at org.testng.TestNG.runSuites(TestNG.java:997)
at org.testng.TestNG.run(TestNG.java:965)
at org.testng.remote.AbstractRemoteTestNG.run(AbstractRemoteTestNG.java:115)
at org.testng.remote.RemoteTestNG.initAndRun(RemoteTestNG.java:251)
at org.testng.remote.RemoteTestNG.main(RemoteTestNG.java:77)
Caused by: org.codehaus.groovy.control.MultipleCompilationErrorsException: startup failed:
Script1.groovy: 1: unexpected token: *. @ line 1, column 27.
   restAssuredJsonRootObject.*.name
                             ^

1 error

at org.codehaus.groovy.control.ErrorCollector.failIfErrors(ErrorCollector.java:310)
at org.codehaus.groovy.control.ErrorCollector.addFatalError(ErrorCollector.java:150)
at org.codehaus.groovy.control.ErrorCollector.addError(ErrorCollector.java:120)
at org.codehaus.groovy.control.ErrorCollector.addError(ErrorCollector.java:132)
at org.codehaus.groovy.control.SourceUnit.addError(SourceUnit.java:349)
at org.codehaus.groovy.antlr.AntlrParserPlugin.transformCSTIntoAST(AntlrParserPlugin.java:225)
at org.codehaus.groovy.antlr.AntlrParserPlugin.parseCST(AntlrParserPlugin.java:191)
at org.codehaus.groovy.control.SourceUnit.parse(SourceUnit.java:233)
at org.codehaus.groovy.control.CompilationUnit$1.call(CompilationUnit.java:189)
at org.codehaus.groovy.control.CompilationUnit.applyToSourceUnits(CompilationUnit.java:966)
at org.codehaus.groovy.control.CompilationUnit.doPhaseOperation(CompilationUnit.java:626)
at org.codehaus.groovy.control.CompilationUnit.processPhaseOperations(CompilationUnit.java:602)
at org.codehaus.groovy.control.CompilationUnit.compile(CompilationUnit.java:579)
at groovy.lang.GroovyClassLoader.doParseClass(GroovyClassLoader.java:323)
at groovy.lang.GroovyClassLoader.parseClass(GroovyClassLoader.java:293)
at groovy.lang.GroovyShell.parseClass(GroovyShell.java:677)
at groovy.lang.GroovyShell.parse(GroovyShell.java:689)
at groovy.lang.GroovyShell.evaluate(GroovyShell.java:573)
at groovy.lang.GroovyShell.evaluate(GroovyShell.java:612)
at groovy.lang.GroovyShell.evaluate(GroovyShell.java:583)
at java.base/jdk.internal.reflect.NativeMethodAccessorImpl.invoke0(Native Method)
at java.base/jdk.internal.reflect.NativeMethodAccessorImpl.invoke(NativeMethodAccessorImpl.java:77)
at java.base/jdk.internal.reflect.DelegatingMethodAccessorImpl.invoke(DelegatingMethodAccessorImpl.java:43)
at java.base/java.lang.reflect.Method.invoke(Method.java:568)
at org.codehaus.groovy.runtime.callsite.PogoMetaMethodSite$PogoCachedMethodSiteNoUnwrap.invoke(PogoMetaMethodSite.java:190)
at org.codehaus.groovy.runtime.callsite.PogoMetaMethodSite.call(PogoMetaMethodSite.java:71)
at org.codehaus.groovy.runtime.callsite.AbstractCallSite.call(AbstractCallSite.java:128)
at io.restassured.internal.path.json.JSONAssertion.eval(JSONAssertion.groovy:80)
at java.base/jdk.internal.reflect.NativeMethodAccessorImpl.invoke0(Native Method)
at java.base/jdk.internal.reflect.NativeMethodAccessorImpl.invoke(NativeMethodAccessorImpl.java:77)
at java.base/jdk.internal.reflect.DelegatingMethodAccessorImpl.invoke(DelegatingMethodAccessorImpl.java:43)
at java.base/java.lang.reflect.Method.invoke(Method.java:568)
at org.codehaus.groovy.runtime.callsite.PogoMetaMethodSite$PogoCachedMethodSiteNoUnwrapNoCoerce.invoke(PogoMetaMethodSite.java:210)
at org.codehaus.groovy.runtime.callsite.PogoMetaMethodSite.callCurrent(PogoMetaMethodSite.java:59)
at org.codehaus.groovy.runtime.callsite.AbstractCallSite.callCurrent(AbstractCallSite.java:185)
at io.restassured.internal.path.json.JSONAssertion.getAsJsonObject(JSONAssertion.groovy:46)
... 31 more
]]>
            </full-stacktrace>
          </exception> <!-- java.lang.IllegalArgumentException -->
          <reporter-output>
          </reporter-output>
        </test-method> <!-- testPetstoreAPI -->
      </class> <!-- Chapters.Chapter01.FirstChapterTests -->
    </test> <!-- Default test -->
  </suite> <!-- Default suite -->
</testng-results>
